[RUN #0 30 100]
255 -139 -143 45 944 858 598 -565 -828 -491 272 -122 -333 -914 -569 -501 759 -497 -575 -764 -293 462 685 494 -714 -805 313 246 362 -234
580 -477 754 560 987 -650 957 -919 -189 -656 -376 244 66 622 898 542 736 836 -351 761 967 529 -916 -641 577 356 -186 726 385 -632
-525 19 674 265 727 -506 -201 -962 -554 66 888 -489 840 -458 773 -856 -240 -389 650 257 -157 334 385 686 -664 995 -503 -593 -553 375
422 260 -662 -39 -942 -317 -498 -988 908 -740 -642 -623 -687 -358 -286 -904 119 467 -573 -809 -127 -391 -121 627 402 -567 363 -258 -668 590
-806 313 -827 440 955 -476 -227 398 212 275 -821 -489 662 673 122 283 -888 -965 -859 968 261 -171 705 157 245 -20 -962 -956 -698 -253
335 -264 270 -220 -250 -128 -466 717 -168 109 321 948 642 -691 -699 -978 -70 340 -998 -865 -216 442 580 -994 417 102 169 699 543 761
-676 -383 381 -467 -497 -468 -334 -691 945 -5 -910 723 451 -538 -882 991 726 -898 -697 -172 941 -889 343 307 646 -372 268 -24 927 442
979 530 938 -608 -713 216 -37 396 -167 -988 -925 -307 -393 -151 156 308 647 517 -351 -863 -74 684 -118 -280 738 462 533 335 491 -959
-454 596 274 -651 -396 470 -302 -180 -778 -580 -4 -589 922 -430 392 -581 -662 805 39 74 -69 -227 277 735 -509 -211 927 794 415 -665
-419 171 494 381 -776 -240 -282 -576 829 -889 -513 -500 -292 -468 -989 -560 672 -919 -935 -385 -852 -464 315 149 -58 -381 -814 371 522 -409
-659 -411 -852 -516 -798 -692 519 436 -969 297 -845 -872 -565 -98 547 -559 874 247 330 28 -333 137 170 -282 -676 333 -952 557 -495 -467
128 666 581 -836 -708 -879 896 -374 317 601 248 299 -71 -621 -327 917 178 62 -799 -680 864 375 -190 -86 -180 811 -412 233 708 -117
-511 171 -465 417 -56 336 222 -237 53 -483 413 347 -825 448 -206 165 -259 -958 -291 -529 904 774 -537 516 -969 338 929 28 -663 826
447 -173 -743 -809 58 80 -966 918 165 92 -435 734 204 973 66 945 -566 528 -720 532 -127 368 -443 911 -769 243 574 -260 -842 -57
-891 -381 802 414 94 352 814 436 -406 674 260 -295 -113 -195 -431 127 636 -552 370 -238 -998 409 731 -536 -716 862 -726 317 -670 -975
-417 -318 -188 -608 -40 223 873 903 -796 -98 -190 -811 675 56 418 628 -686 507 -49 -337 27 -332 124 -630 -474 -341 821 524 -451 -366
236 -433 -447 262 -470 467 -591 -666 -51 471 -474 482 506 -142 -900 -928 -47 14 798 720 -512 897 369 -981 -694 869 344 33 305 626
-244 -100 190 -633 764 827 318 -992 924 929 -185 -566 -193 125 534 -694 -431 -563 -281 323 154 -52 -378 42 -369 372 305 -843 306 -767
909 75 -805 -495 -491 372 -440 726 832 -81 368 -1000 -39 -732 204 73 -993 -517 -309 634 -479 980 961 313 -361 -733 111 -876 261 812
-944 -515 245 -403 361 -949 -688 817 121 -979 882 85 -166 -174 214 844 -741 853 667 702 678 -115 -436 486 -158 -19 588 264 -231 846
520 712 -290 -110 769 -397 772 954 745 800 903 716 746 361 759 546 -126 612 620 880 433 860 238 -504 67 107 282 -726 42 63
178 846 175 642 417 -873 731 -228 -338 -519 776 518 339 -478 -415 -439 -870 -602 -168 58 31 310 -999 869 166 160 273 990 802 -377
-999 -332 809 -420 446 252 -350 229 -682 -828 275 792 -56 608 -696 -309 -507 -818 618 888 -275 197 -139 693 255 800 -328 553 391 -362
-263 833 118 135 741 647 216 -304 -757 668 717 -305 -449 754 -40 -672 -307 469 -28 -868 417 444 404 559 904 -609 -489 391 -736 -187
244 -837 114 819 304 572 -696 -130 679 707 -278 -907 -649 774 245 -680 -173 -974 259 185 794 924 -4 -688 309 -343 923 432 -73 59
479 96 833 -155 185 990 18 -504 -628 304 -256 -260 268 -608 582 -480 -240 980 -98 -359 111 249 256 799 -705 816 -294 -652 -238 378
811 -698 -964 449 726 -443 -612 -197 739 816 -332 887 -205 913 970 924 -476 -99 102 -263 26 -547 347 -227 -621 357 187 -822 -721 48
875 996 -928 -727 915 -322 -955 968 814 261 -385 627 -239 629 -779 -680 -94 193 -824 -213 552 -995 357 636 602 947 -367 898 526 -543
-12 -594 -85 615 -871 -731 -111 991 -654 -700 739 668 442 734 900 -272 -88 926 -985 -606 908 678 -495 -368 804 -377 -58 20 -959 -583
443 -678 244 237 -893 -518 -116 930 -275 -63 711 -875 -452 -563 963 559 1 817 860 -155 830 966 293 570 -941 796 553 780 -627 580
-187 542 707 669 975 992 -659 875 846 91 58 -593 789 603 -498 156 313 301 -316 -101 -616 843 -449 -281 -400 -248 906 -440 590 733
[RUN #1 5 30]
371 79 37 484 -570
8 296 967 -328 -884
-330 -458 553 590 -714
484 -512 781 -760 548
-463 288 548 859 476
-165 783 -917 196 -538
511 -771 74 907 456
735 145 -494 -916 123
-588 512 -573 6 812
898 806 939 -430 517
-450 56 867 -975 -163
-382 242 137 -662 -569
266 730 925 -362 845
-369 765 -884 80 577
544 -144 519 -335 797
369 -895 -385 -641 -99
370 747 -219 -249 -658
617 -437 -656 62 462
-387 -923 568 -409 496
17 -717 -910 -293 6
-260 -196 653 331 266
-219 -22 467 -980 500
[RUN #2 30 100]
-45 272 908 -815 12 796 278 -760 -907 -325 -983 -60 361 -434 -631 887 -460 271 -30 -438 -228 -214 834 227 717 -451 -972 43 -488 606
367 856 -766 809 554 335 591 164 612 21 444 462 737 -865 20 39 338 519 115 -182 -477 563 50 359 398 430 -960 -275 724 144
-434 92 191 -412 -190 -720 -164 963 455 -407 -121 -689 567 19 -152 125 -745 -830 -795 -305 -591 -522 338 997 457 -828 -682 607 -902 176
481 -819 978 716 924 -222 -739 99 -144 553 -255 -194 911 161 -886 -691 64 211 990 55 -738 495 247 751 -860 -673 -461 -760 106 -742
-480 962 874 351 653 533 -773 -475 -3 560 -360 389 -203 -802 -516 -961 -858 228 890 205 -160 -818 913 888 -77 -871 34 130 -64 -949
-143 -956 858 -598 179 -222 722 -355 -173 573 211 653 452 -595 393 -330 -652 -331 524 -618 804 162 -805 -858 965 547 711 -433 267 -694
363 -473 -57 899 -318 -266 -409 -687 -147 -441 140 441 577 955 358 322 5 -620 897 357 917 589 550 22 388 -527 -446 250 885 -563
664 -431 -208 -327 -767 986 946 -147 -881 -220 -371 -838 147 -901 501 -469 -232 688 -126 -248 -932 938 -559 -917 -577 -134 -773 455 208 39
-217 502 -37 -344 367 491 657 688 282 200 268 -478 -322 -367 531 -136 -590 -457 -250 -697 -1000 -311 -641 482 169 626 780 -667 467 -649
-34 -392 911 970 473 -115 687 -509 939 892 -923 602 -983 -806 -75 275 709 811 -272 -687 -625 704 -829 238 572 314 -676 -357 -381 589
723 894 276 -829 607 302 -497 272 123 -997 -144 637 -883 574 994 -370 -49 -579 118 -400 -199 -990 -379 -233 126 -966 795 -428 845 -915
-604 -443 790 -18 610 -213 -693 -253 -119 470 22 864 -573 347 886 873 396 -724 579 -157 -314 704 -624 983 868 -307 275 -922 981 -317
2 474 -719 243 -658 -94 -93 705 -261 -106 24 -35 569 415 -932 -12 723 -366 367 -282 816 -302 -359 -931 42 730 173 -462 645 420
465 269 398 -389 806 980 774 -107 880 -964 190 150 -418 -957 -382 -184 826 594 -819 -531 91 722 770 -900 -847 -114 476 653 985 -170
68 266 -78 735 951 907 766 -323 923 761 765 -320 785 549 -550 395 -509 -96 249 788 803 -919 964 -893 588 577 871 151 482 -676
-271 -622 65 -654 -602 642 694 -739 -60 520 638 897 -240 810 947 5 289 598 -669 -450 926 -660 -873 -771 430 766 605 808 -772 -516
-202 -525 381 499 -897 -37 629 -3 18 -993 285 -701 -99 -684 656 961 173 679 -907 630 -286 133 -54 -43 -8 12 384 -114 311 -230
266 -466 402 -293 71 -571 113 -805 -997 -78 -753 780 364 -712 804 167 360 -769 -295 922 -308 -110 599 312 28 642 944 979 -89 338
269 503 37 -876 641 942 265 649 431 -312 416 -891 -535 433 221 143 320 652 699 -966 261 468 986 -841 449 -463 459 -206 977 155
303 918 -378 598 390 -175 701 -662 934 -744 537 70 49 267 606 -471 114 276 -206 -248 -318 119 104 784 319 -682 455 296 -256 -562
180 -675 -126 775 471 997 814 -474 924 -763 -837 848 509 -759 -272 594 -518 373 566 -789 -540 999 -445 -827 929 -840 -220 -955 -701 -611
724 855 825 -964 -172 139 542 -966 -532 -478 -150 121 -61 -781 -130 -390 723 -542 264 -507 -655 -223 -751 -936 111 -368 985 590 -113 -929
48 -371 -7 -767 893 -881 -591 -882 699 557 -805 241 -189 506 340 -400 499 -406 706 94 -589 967 -177 811 243 130 343 336 778 737
378 710 -38 448 41 -349 -828 -944 -425 -263 307 436 -166 338 705 776 941 108 -783 630 609 110 174 -504 -993 -629 420 375 -728 920
322 389 47 -432 247 465 -870 833 801 126 51 -998 554 -372 137 639 -623 -693 -714 778 442 838 867 868 60 340 640 786 923 869
875 730 -997 -49 -879 -974 -787 693 -941 696 -87 -34 -934 -19 -13 614 -305 106 -306 432 -796 -946 -280 -441 991 90 -188 700 536 842
-577 -494 972 -631 160 874 894 -875 -118 577 -237 -911 -524 101 517 -126 -587 675 661 335 -519 616 22 472 880 280 -492 437 443 860
-793 924 -641 -736 393 -726 -176 -187 314 781 -910 616 754 803 915 338 675 -944 493 434 -734 119 1 -656 -882 334 -331 -799 -543 -743
210 -432 -938 -624 196 906 -488 660 865 -497 109 794 651 -693 744 -991 -884 774 -361 615 237 -560 474 -687 -178 -864 -110 985 -740 934
-901 -419 -462 -428 -613 120 454 -716 72 970 907 -598 549 59 -181 -988 621 578 864 -907 652 106 -874 -884 -451 479 770 -415 199 -684
67 135 674 -711 880 -762 508 -540 629 909 -38 984 -605 203 -653 802 331 584 521 713 -562 -229 920 899 9 611 383 -738 453 76
-475 322 865 929 247 723 -778 23 284 -454 928 77 -341 348 -636 -541 471 -140 484 -576 402 -817 139 -959 187 -277 507 814 -60 176
-286 -119 741 -190 991 884 -247 23 -131 -275 -777 742 -463 736 -150 25 563 682 -372 214 895 -691 -834 -546 -84 -717 -588 327 -430 -354
344 875 940 -141 -345 -709 924 462 -109 173 -931 843 53 223 -950 321 -893 -574 307 248 -117 391 -351 353 -93 -784 -20 119 -298 499
529 -899 845 -22 -661 -912 747 905 815 -633 -282 -49 160 -989 927 895 -54 -450 -766 505 -677 -189 826 919 174 -136 -712 984 -992 945
-960 -223 441 -104 -209 468 95 582 743 -814 925 -267 909 8 -653 921 991 955 868 -515 664 189 443 -658 -12 408 420 -695 388 303
706 315 -204 -542 982 441 610 912 500 868 -426 607 -951 175 828 304 248 533 6 -304 91 -345 0 185 417 766 -398 -878 -649 -856
152 -745 -565 934 -736 910 -89 31 412 -676 17 -743 376 -672 -526 186 987 946 223 68 -482 -191 -948 704 233 630 -976 424 -129 699
-150 422 -833 555 -115 201 -461 -772 122 -622 260 -51 -555 426 261 -49 -336 825 237 213 101 -838 -749 -302 -190 180 278 266 783 439
-640 594 995 -216 -867 183 -569 -218 509 872 584 -317 -89 -373 -286 -968 -164 600 -245 -210 -75 -924 -944 564 -696 -630 826 -728 -109 -842
-484 -34 22 923 -469 74 -23 -276 -849 -64 520 -385 872 227 -400 525 -480 768 -491 707 379 557 -352 -177 -857 604 109 946 676 882
-385 441 -953 -339 666 -126 -806 -639 -892 372 62 -446 65 994 294 557 334 39 151 618 5 -161 742 118 309 -89 269 767 347 -915
-72 697 543 -595 403 -957 579 -53 -50 523 -996 735 -133 -94 602 855 -939 853 180 -464 271 937 -925 981 840 795 -205 990 -926 -27
771 -478 751 -594 754 148 -280 -319 -909 -242 -551 113 525 142 394 -677 983 -55 79 591 -27 645 -21 785 -602 91 -494 144 120 275
960 604 -362 -551 998 -499 184 -638 48 -865 -485 -872 -332 280 -673 -783 612 418 -910 -817 137 214 269 816 -985 742 -366 159 -364 942
-584 891 7 -288 314 -397 978 418 416 -990 -542 -756 192 490 178 158 -871 -185 554 944 -42 563 -431 762 254 -585 566 203 276 527
-832 574 -22 -914 386 -802 -591 339 -496 971 -131 -249 903 31 661 -450 -502 -696 336 100 713 -192 572 -584 84 30 -613 -972 550 -824
755 -216 663 413 453 85 243 -840 -100 144 -476 -512 495 -194 -282 -99 -234 -696 199 -539 662 -41 959 -525 -399 759 687 -724 74 -46
-788 -642 556 -32 -393 -702 462 -16 -202 -545 86 641 620 -834 -983 288 -77 -533 398 -793 437 383 -631 -823 -996 877 904 -913 414 -865
[RUN #3 30 100]
-963 -41 355 234 -415 78 -454 -323 997 -737 -80 747 109 932 853 36 -417 807 -15 -156 256 773 598 -518 -139 541 716 -861 -211 -575
887 -798 244 586 349 -633 -295 883 -713 -564 927 292 -857 -891 860 10 -565 -580 425 -778 284 801 113 -687 -475 199 612 -915 -966 -723
-616 -488 -563 609 -548 965 -884 121 988 962 166 -934 890 125 829 -889 -831 164 27 -841 -870 -403 -384 -426 -35 526 616 687 322 -989
532 466 -730 367 -44 -901 -536 -515 73 867 -290 -531 282 811 -538 -917 141 -931 -302 23 -296 -198 -925 -70 101 703 134 -323 931 -115
-807 -213 -116 -365 21 -131 292 393 903 -350 993 -871 358 794 -782 683 16 219 -885 -568 893 -661 -140 -823 289 -545 -429 -517 -514 43
-622 531 -539 568 -815 -851 -477 910 -650 -196 347 400 133 991 276 884 -986 -906 -716 -934 -467 -214 -99 -575 -863 35 -689 -54 688 107
-430 -243 -61 -89 -721 -145 -429 466 493 -934 -973 -205 -812 -549 173 979 -341 -6 -413 545 303 271 -182 117 268 -490 696 -954 -944 -56
505 -452 517 -234 915 -848 701 398 -931 -19 -457 -997 345 -206 716 -992 -34 490 -118 -130 859 -666 -627 -287 453 660 -903 -520 -346 886
-400 -36 561 856 -529 -352 -863 855 326 -748 -315 -620 -207 97 472 -94 873 756 -182 5 -525 -725 504 -431 745 728 -276 308 694 -196
[RUN #4 10 100]
-252 940 309 209 758 -103 620 -268 999 528
-95 -314 -192 664 675 551 429 550 -450 947
-755 145 -464 185 -297 -826 235 -201 -38 614
203 -824 -907 140 -744 654 92 624 728 -22
645 -775 -820 -712 -736 -118 368 197 -115 347
-276 -61 -960 818 37 132 664 -661 668 -940
537 775 -795 -499 652 393 -355 898 301 -209
341 -666 669 -48 89 -767 -858 -506 -560 -11
464 260 -289 384 412 565 815 -123 -514 954
315 851 641 274 56 884 -863 -352 -823 16
862 243 -706 -896 -890 -93 852 275 25 -401
181 -586 -839 -101 -931 -145 165 -695 56 -660
-75 417 334 620 -625 538 -906 -378 -377 120
595 -393 -5 -312 -760 -833 561 -659 -675 430
762 923 28 373 845 -440 944 -669 177 -715
311 -10 540 455 -321 373 469 -729 -171 775
566 207 310 923 -3 488 237 359 757 452
-225 -371 77 -795 -172 414 288 367 -99 571
-7 -222 920 803 -490 -982 -236 167 -881 -89
350 161 -334 585 79 -983 657 -710 -626 -585
-906 -655 -38 232 875 -321 -210 -208 -823 -991
-479 660 -226 769 -890 -435 618 -347 -98 683
912 491 936 120 71 555 -522 -872 61 -409
518 406 -684 524 437 808 617 492 837 497
-855 -580 220 -344 725 -507 972 13 22 571
-86 -282 -528 987 -297 918 440 -635 726 -962
700 -894 180 -810 -361 559 16 -212 -488 -905
-8 -251 855 -936 602 -744 821 205 -580 -2
-28 397 -143 734 -968 -237 -27 -912 -719 -42
-301 -213 968 159 -890 -386 371 9 -544 -462
692 -930 177 -829 -584 -211 -952 193 -864 -858
444 385 492 -956 777 -569 -989 534 -468 -456
-426 -622 778 -156 917 -780 781 273 -436 -284
-518 325 -706 -12 777 -759 381 -113 715 32
-26 288 -163 938 -383 611 384 -830 -180 751
437 10 89 786 856 -463 -965 -291 -267 583
691 -207 -284 849 568 -23 -539 226 811 -707
253 -115 130 -976 -681 490 511 -46 957 929
-714 -166 413 149 -749 700 280 -603 911 -408
-6 276 30 -562 402 -732 -634 -512 563 170
556 -101 374 -62 -529 -423 -571 -594 -720 942
-923 -625 156 -34 322 236 889 -487 251 -768
81 -153 192 -340 -745 245 2 -352 563 -272
-299 -317 432 975 -279 290 413 -797 83 461
-584 861 189 -357 -87 -877 858 -140 -846 99
582 220 135 202 -369 814 -45 -362 -486 -405
-730 -851 -617 762 976 -443 395 765 810 771
60 554 -290 746 617 600 953 729 749 -238
-751 -215 898 -89 -502 0 -427 229 -303 842
-223 -761 200 387 -776 53 682 -309 76 -816
327 465 946 -617 -103 176 -501 -675 -826 -742
-232 781 572 -875 -506 -616 208 -186 477 -907
-316 -777 -645 992 -875 958 972 -770 175 772
-890 -154 251 60 -334 -212 600 -294 909 -930
-294 263 822 278 361 -473 -637 -156 584 -712
-20 9 72 675 856 433 -777 -121 -426 14
654 -752 -495 -769 -724 -402 278 507 198 -312
-481 -428 -214 183 916 -359 -274 565 -723 232
-903 492 368 516 375 310 -614 -347 -790 -3
-24 822 -846 930 -177 -451 872 679 -408 -362
-281 671 -631 840 163 433 356 639 -11 943
468 736 63 -738 361 979 -650 -314 -947 650
321 -896 914 944 -100 522 -27 815 618 -712
33 -69 927 616 451 999 -103 -370 796 340
-18 -894 319 649 699 900 903 -648 -683 -310
-968 -54 -806 694 -283 573 -115 -10 733 192
-900 -2 421 -829 384 -388 620 599 -532 103
496 294 195 352 -419 -406 -87 229 -636 475
-157 331 -957 -767 -915 387 -718 -898 -117 -727
35 274 -397 -250 759 -683 705 -192 391 -357
-368 957 862 575 748 560 -596 853 -540 955
-440 446 -164 -69 677 -811 -998 357 510 -453
21 511 -523 -359 762 287 -776 451 56 -358
-503 -477 285 365 -305 -127 -378 -62 -37 -259
701 -629 707 234 -694 -689 321 -644 989 499
620 897 796 513 134 -489 -991 -284 -746 501
-814 -237 579 -937 247 -797 260 -585 48 652
681 190 487 -454 -889 -754 -544 -793 242 -849
-149 -273 -235 -129 -359 -634 711 -671 154 -642
841 296 -627 203 -860 323 -852 -64 -254 507
-449 129 -268 -771 -577 -651 204 694 491 92
789 787 742 -728 375 873 -480 773 342 -629
[RUN #5 10 5]
313 298 885 -975 337 -255 -87 -798 -818 480
-837 -788 -18 -106 -37 -781 937 963 908 989
-943 5 -207 -120 -703 699 228 -494 -706 400
-868 926 -600 -323 804 787 -393 -659 -262 -698
565 -120 -800 60 -399 948 -8 648 -635 834
[RUN #6 10 10]
298 -986 401 501 -894 -915 110 27 -971 626
-942 -525 320 476 383 25 -737 551 726 974
886 -969 96 928 680 981 -501 463 875 -653
279 -934 -878 785 94 -950 -183 458 730 -346
564 414 456 818 721 -695 747 -488 431 -463
-10 -888 149 301 753 859 -687 -58 168 988
-403 -341 933 -727 -826 728 -98 272 -626 -954
-647 270 674 -397 443 556 417 131 -378 -315
696 -673 713 -587 -323 67 107 547 88 -297
-10 -706 -432 -863 924 -676 -818 -668 833 -349
[RUN #7 10 20]
253 -448 -37 993 -112 -606 -640 12 -315 -600
544 -104 596 -807 304 -861 -314 495 648 418
769 79 -984 326 933 -805 -82 7 954 689
-448 335 -17 -500 486 577 14 -244 389 -482
-638 -597 379 -523 -203 -917 27 591 -893 268
47 -142 266 505 465 544 -946 -151 -513 776
714 -697 -471 -904 308 752 -921 397 554 -138
-997 -475 -125 991 -932 -443 -199 46 -22 510
310 553 99 -337 -384 251 121 814 503 -258
575 802 -574 -56 30 552 812 939 -22 592
-194 926 528 -805 -672 -527 -49 128 -421 -112
704 -228 -480 -339 535 -45 246 941 -270 -530
676 39 -673 -234 -571 548 -953 293 61 122
833 976 -247 -844 781 -870 514 -56 -832 169
511 507 -747 850 247 -601 451 346 229 132
-826 75 341 850 -128 -147 779 687 -982 551
-776 -317 -361 606 501 -84 229 793 944 116
653 20 -489 535 300 -336 -484 503 -868 26
462 852 12 -648 183 -670 -465 -239 571 581
945 -860 557 468 191 673 -963 892 856 719
[RUN #8 10 30]
523 694 -115 -247 -20 -537 470 491 -406 249
-334 -535 -299 -653 -95 238 -227 -745 833 -379
232 429 210 283 967 446 -545 150 -824 -755
-912 247 -885 -424 895 -756 706 -173 -605 750
587 210 80 237 315 -986 -258 -784 -70 -666
-991 -405 523 206 -837 825 84 692 379 -656
264 -522 683 497 -36 756 -692 883 62 -267
-993 222 -322 -815 369 295 754 -812 360 913
-587 546 329 186 638 683 406 397 347 -370
-891 827 897 -982 510 -227 -573 719 948 92
-994 -948 -564 87 312 -981 -802 -365 315 -167
-109 -454 34 683 -953 450 741 346 233 26
-638 759 -3 892 -79 226 -609 -319 -547 -909
-303 -180 -114 -739 857 725 -135 25 818 94
-116 432 7 851 72 -803 -809 457 -711 -934
-580 -373 774 204 -599 652 849 459 -992 -727
789 -113 -329 -280 -120 -475 -138 293 480 -830
243 -832 -494 -439 -478 94 -531 514 -204 -343
-465 -524 -469 197 -197 7 585 261 249 -997
298 -436 -52 641 328 403 -752 -132 463 687
-927 649 -351 -29 -20 17 -346 -620 -529 798
296 465 -212 145 626 324 433 851 924 -328
-938 893 657 574 561 807 -430 -307 -234 414
176 973 582 779 -239 26 664 -568 707 392
182 828 -886 -176 5 951 74 -46 -395 559
-737 291 344 692 367 947 541 375 -996 -871
-31 503 634 -240 839 617 -940 -39 -364 428
-622 -964 -143 -952 -590 -789 -860 -61 635 134
-223 -647 754 -402 -28 762 -830 -643 667 -583
247 750 998 -621 -583 -689 179 -76 -763 -602
[RUN #9 3 100]
839 862 -127
-238 -149 298
-324 -173 471
-484 284 136
-368 266 383
250 752 825
618 -413 142
602 -284 -98
38 -8 -285
640 880 -751
-704 512 -28
-247 -450 -414
598 -228 560
-442 -266 265
268 313 763
919 108 -581
795 847 155
342 -879 149
752 -565 424
721 925 -823
-234 -905 329
-397 6 161
382 711 440
[RUN #10 7 100]
570 -973 331 -292 894 221 -211
-302 -375 -461 853 -463 736 -15
-124 682 863 -373 400 -36 114
277 -713 -260 -33 -193 -848 962
-431 -565 933 480 -681 -459 840
-485 -763 660 662 -665 -977 -452
67 17 -944 369 -385 799 -134
-177 -554 887 -193 607 521 -497
223 719 987 380 -959 880 -268
-369 670 -512 557 -73 -756 75
437 -470 -882 -13 -865 -358 -50
531 -511 546 949 -129 -13 -157
188 -219 -209 -193 -52 643 -736
113 892 -258 -989 -278 -885 936
107 -336 755 329 -701 -890 695
406 28 814 744 658 178 -976
73 687 901 -87 967 543 -44
524 -916 725 -643 362 507 64
144 608 -175 -88 -731 615 632
-303 -659 -579 272 -356 307 -753
-227 704 -166 904 -390 885 -724
974 -511 -951 715 922 -30 -360
-740 -341 727 535 591 595 61
173 -445 518 414 760 352 700
132 -489 -247 -436 420 -186 -919
530 -103 -50 936 169 -606 -21
-197 -872 521 678 -570 382 -162
-186 -514 88 -948 -866 -684 -715
-381 -202 561 382 -946 -288 -186
-490 -922 340 -665 -98 642 838
-807 736 425 -308 -569 111 833
-346 163 942 880 -681 956 -656
527 355 956 558 341 -957 -944
-875 371 -658 -60 -573 -645 956
-336 494 560 537 471 145 -321
825 -634 -786 921 651 -7 93
[RUN #11 7 1]
-473 824 502 350 -907 -51 -575
[RUN #12 7 1]
-700 -394 -565 -799 379 92 -349
[RUN #13 7 300]
-444 352 848 50 -877 -429 -335
36 56 450 -38 -795 -732 377
-446 757 -317 -478 228 -584 -359
937 -93 659 947 -275 -196 202
-543 919 -431 -868 158 -382 -183
-34 571 381 -444 638 -223 -625
-571 71 542 108 -754 -280 -276
-629 -670 840 -737 756 4 -398
-595 575 900 -682 -208 392 -706
158 324 -615 -9 -436 700 -991
-556 -110 630 51 586 -129 106
221 437 -275 174 235 708 -991
-838 543 108 -512 661 515 -409
869 -417 -679 418 -749 239 990
-734 -306 785 -909 666 -189 458
-353 755 934 965 148 415 868
592 -307 383 -126 222 -446 954
404 -833 953 -519 -261 200 -899
48 -290 -551 518 97 -337 -423
953 704 -380 715 682 72 504
124 381 921 979 283 -207 951
241 416 -401 -2 -564 -936 -82
496 -489 960 -672 -524 632 445
-19 -554 336 211 -231 548 -610
657 -843 332 953 -18 -52 -418
621 -369 689 304 126 132 39
-488 -56 -726 -962 -644 606 735
936 875 406 -359 479 -999 190
-433 996 908 849 687 241 178
-681 -614 -1 526 -888 790 -445
259 -885 -982 295 979 -852 832
53 -993 -788 725 -152 -232 -522
-248 295 664 -598 -355 706 -863
665 357 -273 -889 -740 -260 598
834 -206 241 -675 690 -179 -593
-812 -359 -323 381 -763 -892 -224
269 502 -277 -635 -586 608 -146
378 -381 703 -712 769 -983 434
325 -210 221 100 613 -413 172
-246 -982 -285 -776 -920 446 984
-587 -542 325 -29 -743 -917 914
81 -368 -938 -976 -153 927 -957
-822 530 -142 -748 253 595 -353
340 90 -302 -770 -236 890 -330
-751 -516 -310 171 -649 -122 347
810 -923 829 723 -337 -566 -366
489 -561 451 306 -697 469 696
-452 -180 9 -502 -844 -829 595
[RUN #14 500 100]
687 540 360 738 -702 -409 120 567 527 869 -164 -772 -730 -926 834 746 -675 -272 322 569 -188 -374 254 -433 391 855 220 685 -207 -971 235 -330 -468 515 -133 964 -713 954 -49 -415 -641 -652 291 -205 511 133 -475 -885 -499 138 73 770 -276 -348 -79 -899 -621 53 577 917 -63 897 468 703 -44 751 -395 762 -628 781 77 -232 472 -554 -686 -967 -2 44 -370 -965 885 906 549 -220 -872 -424 -853 359 -380 -193 48 -708 -341 635 -604 -945 -928 -305 -186 697 -596 -411 -228 558 -941 -149 -450 -197 876 -298 92 950 943 782 -842 507 814 -70 856 361 924 -448 445 -673 -297 -561 -39 21 -336 -117 -257 190 -387 384 997 525 -331 207 -500 -20 798 970 332 829 -288 -86 637 -598 832 -265 651 -22 -832 772 365 -562 134 37 -275 -463 483 -787 792 -466 -291 -198 -323 486 -679 108 776 118 -87 16 500 -400 171 -952 -476 742 386 -947 -894 544 497 -391 495 -862 -147 744 -113 -54 -890 -760 -284 458 929 -303 -111 -666 -60 370 -771 -777 -743 106 758 827 -807 769 -125 700 -761 529 -585 -491 52 -939 341 -171 -80 579 739 -107 749 -123 197 -896 559 775 -827 250 -548 -913 -549 329 119 -592 463 -518 672 -703 -738 -462 410 -748 478 -586 754 496 -623 780 199 -618 72 -12 465 694 593 203 -994 -357 405 453 -922 913 -299 -529 -699 169 -536 734 -798 599 149 590 -966 -672 -962 -200 414 -780 -430 221 959 -185 971 -831 669 564 -425 860 605 -907 -651 413 272 324 -506 565 -802 34 255 662 682 958 645 -214 292 -48 76 245 684 -537 -459 732 179 167 -946 -874 -988 398 -636 -682 -146 178 978 68 -763 -770 -579 995 -630 -296 -733 28 973 -100 -153 592 613 728 489 561 -487 -552 -791 -162 333 -390 873 -563 98 955 471 -343 38 -98 153 -924 -369 -734 883 916 -544 -781 -588 -240 -665 870 -611 -635 932 -408 -287 -886 -225 242 416 87 163 819 -814 314 793 -997 -944 407 896 466 -887 -543 261 -229 -266 -458 -116 -416 -532 617 586 -210 972 -830 555 -393 -953 479 867 -696 -938 -1 -58 -378 -559 -693 240 969 -249 -560 422 -833 660 -954 304 152 -432 591 -352 -166 204 962 -302 846 715 726 -163 708 -234 -36 -700 -508 191 -144 23 -974 -437 -753 -7 376 653 371 -359 737 -850 -327 -383 720 952 721 982 -339 -970 -995 -911 -418 622 711 198 661 494 -657 262 -168 -135 -90 135 -95 432 351 -412 -190 -868 334 979 132 368 -740 -306 881 -606 556 259 -580 -526 -263 147 196 111 -252
718 818 -784 -691 811 414 -137 -722 -790 0 -128 23 -554 -182 -125 -257 -186 -432 422 -724 437 442 -868 -510 241 35 -360 647 -330 -830 -64 -760 -601 924 566 246 -855 771 459 -775 808 942 -702 763 -683 271 -298 -210 77 384 -263 -404 299 -842 687 70 21 -129 330 83 80 329 -741 -732 826 147 -189 -181 641 -14 781 -10 89 -434 -379 520 638 500 -499 -773 12 673 -746 -123 -60 313 946 -577 -624 621 443 368 -834 707 643 -292 -740 -629 -692 -840 -604 -559 204 -953 639 -235 758 636 -581 567 -206 -24 507 371 -68 -565 -765 340 283 -400 198 444 -927 10 111 -218 401 -102 920 -991 -483 -869 597 -156 266 -986 -429 977 159 596 632 712 764 -639 -380 -987 82 -723 33 833 819 -121 24 717 -142 850 -316 -43 -997 -556 -173 879 -793 -634 -141 987 967 -752 -735 229 -818 -730 897 -504 767 -154 -945 -797 956 -371 694 -436 -392 -305 211 -704 194 144 517 140 -251 748 554 796 603 -841 -288 236 873 383 408 -470 -45 -308 599 51 -340 -920 622 -79 917 268 -153 -396 -304 -875 867 -314 -143 759 543 285 -894 78 15 -597 -711 745 -131 561 -237 -754 864 91 -810 410 288 421 -769 881 -521 855 -933 -147 -438 132 788 366 -366 30 -489 635 604 480 571 432 -814 922 730 577 -913 -800 607 535 95 521 381 52 515 -553 491 121 39 -560 862 -971 180 -252 -918 -73 -617 -600 705 916 734 945 -405 -296 999 479 -958 -718 -132 -955 6 863 -365 182 -774 934 527 823 434 -669 -951 -626 -889 -352 725 73 -802 222 -783 127 331 983 674 343 428 889 948 359 792 -831 -905 -106 212 -389 747 187 263 -671 361 133 992 -860 822 -744 -462 476 336 -327 -46 710 716 -644 -949 -712 989 337 309 418 122 242 -509 -562 -247 698 348 -398 708 101 -812 -165 -8 -584 -805 713 -557 -318 -725 -456 341 611 -978 -508 648 628 -213 -965 -888 -564 135 -544 117 -678 -349 -537 837 68 -274 -923 -77 -689 -903 -910 -512 -71 -21 158 -985 497 -799 -602 949 -882 -478 602 534 -287 -222 765 -70 227 -628 -660 824 -41 324 -224 646 -178 -127 677 586 -825 153 402 -409 856 -481 294 -922 -20 -901 -721 -981 -250 701 919 -196 906 954 -576 -199 -420 795 842 260 -417 -393 1 -706 168 -49 650 317 669 114 48 578 633 -495 -418 -450 -268 875 -166 282 -907 606 16 666 933 -303 208 675 531 398 -130 -707 472 -200 2 -423 -345 365 252 -204 382 546 980 -459 374 -845 -171 591 216 -635 -33
-851 62 -710 697 453 -715 726 896 737 -577 -816 -362 8 -751 -802 -89 -403 206 -227 -370 -698 -417 -797 -596 -388 -574 480 -945 4 -601 211 651 -829 -259 -330 -284 -450 -412 -503 826 292 -430 -925 -446 325 656 12 780 -1 -643 -171 -977 -21 191 -14 660 580 311 667 714 -672 -178 284 508 -675 -18 -865 -318 -343 -681 233 -463 -785 766 880 820 -201 -136 -253 842 -74 -695 41 -42 459 448 -409 283 -247 730 -993 -187 178 599 -880 -110 -887 524 270 296 805 -981 824 -699 -633 110 25 946 -228 -927 -27 979 -497 -520 -33 -368 691 497 -335 -135 642 -951 425 874 -942 -686 326 -236 -823 590 702 -81 -29 314 173 954 -897 -772 733 -961 552 505 303 -174 818 738 -778 638 -913 461 -351 -333 564 -4 97 405 -714 -118 -237 -126 175 -805 -705 862 -548 -756 -566 -295 226 -77 285 437 427 -469 -84 -954 -184 102 -67 -549 -380 -142 -13 991 973 965 789 219 -338 592 971 -75 -769 446 -165 -682 -268 749 -624 -688 371 -917 -296 482 -140 -193 -963 -858 -280 816 655 370 -366 -455 -516 504 447 -848 -700 -825 -356 255 -221 984 -415 -674 -504 74 85 -550 573 -703 -589 -576 -563 -138 673 -275 681 77 535 400 903 -170 -8 -998 -454 213 -398 -204 -389 -273 545 244 -906 931 548 520 -839 256 465 444 -692 -124 583 -921 -17 -652 -109 -914 -245 927 -438 538 -120 -835 -608 -920 140 -164 -807 879 -625 415 -261 342 771 -435 305 941 -262 289 -352 -424 -864 -114 -621 103 -979 468 -43 52 851 951 567 572 634 31 104 -741 743 147 -266 -499 988 43 -468 -752 -924 653 -44 -782 581 584 -241 -62 -40 -5 -940 234 -461 -339 165 601 249 -323 -996 701 -907 711 290 45 76 -172 -23 -718 401 929 -367 170 -458 731 -117 -257 806 981 607 -320 878 -306 460 30 886 -527 221 742 778 374 55 -106 130 909 187 214 -539 578 -286 716 659 -361 663 428 442 529 -372 -673 451 273 281 438 576 503 -45 861 -179 377 -728 -748 319 24 -895 -319 949 777 225 -464 652 -986 -952 -903 -783 -331 -866 623 -69 -146 873 -301 101 -36 617 692 890 -439 -410 469 -52 -153 21 802 146 627 811 -72 -54 222 -978 413 -108 -344 356 -535 869 411 542 -712 276 477 331 511 801 359 -587 -737 -490 -786 932 -878 -983 -506 829 924 -603 -95 493 -834 5 891 -300 393 44 967 -709 863 277 -78 -364 -235 833 -521 82 388 500 -127 -711 565 717 -804 -82 -475 857 596 408 205 705 380 -212 -967 -568 785
[RUN #15 100 100]
95 -678 -441 -685 590 525 -215 -809 600 -469 -315 988 -367 797 -109 444 -850 -968 -733 -859 319 -151 -84 -322 252 564 110 -191 -878 546 690 723 -649 361 -221 598 -15 -431 547 -783 628 575 -8 354 559 503 -960 449 687 -921 -133 -257 -250 -686 -489 -990 -567 70 -702 392 -692 -741 208 243 -269 -245 408 -83 943 812 644 -449 -681 868 -56 255 661 -21 427 -174 749 631 846 783 -65 827 10 472 186 -723 -433 -356 705 973 489 717 -913 -572 -388 550
-645 -876 690 -698 -158 632 -313 -300 -471 -50 946 -112 -841 -840 617 616 -895 409 -765 -882 681 -781 627 739 -275 721 -541 828 285 -511 -162 -230 984 685 -897 -972 186 -941 -705 -605 331 173 825 -183 -676 392 -146 -910 -908 -333 459 983 995 -55 -738 -651 554 -488 839 351 -71 -672 -165 572 86 -302 231 511 -477 740 -569 265 -502 -35 -702 -693 -556 789 -27 922 -808 -263 520 179 -611 874 -174 449 -862 310 -887 -212 375 -810 271 840 749 561 -429 -307
686 404 -523 441 -108 920 205 -150 971 707 -74 148 540 -999 -273 930 419 670 -234 -294 780 86 718 -845 -50 -956 276 -709 902 -937 -792 -502 733 568 32 746 -95 -161 -701 154 23 -214 -706 650 414 976 125 391 45 -888 446 -505 -25 496 -420 -619 846 851 -390 -372 892 36 -708 -447 500 -704 950 -756 -83 -27 144 573 112 221 106 -955 -428 371 -471 870 849 -951 820 303 440 -579 270 478 701 -11 101 -12 380 -614 -778 248 -198 520 640 861
553 -898 -210 -680 -3 -997 23 -485 -986 943 -793 -354 -803 -93 77 101 -273 -414 944 -199 -534 -645 181 -373 -98 -452 663 910 612 739 -776 -58 -868 928 -206 -963 334 587 149 -659 -173 -172 890 831 -375 722 -242 -314 -109 987 -863 542 -337 -609 127 -715 -823 571 -739 358 -150 575 -343 -589 646 215 370 240 -355 353 360 -75 747 -886 432 -811 -168 -482 827 165 -248 463 -32 277 -853 -771 -703 653 -504 820 -532 281 52 -581 -526 -391 -218 530 860 443
-887 744 -264 -364 -61 499 -590 -428 -491 136 16 -415 589 988 -207 928 -843 -180 -461 -37 966 -595 369 -435 -706 339 -543 137 851 -853 -76 -962 -768 232 -538 -323 374 413 41 120 393 -472 -351 69 -10 -305 987 -492 -193 -112 997 505 407 838 523 850 613 -187 -827 321 -250 991 307 681 -644 477 -56 -632 346 -746 148 149 350 911 965 324 318 826 -510 241 -203 753 332 -110 587 427 -93 -322 659 202 -909 -251 881 261 -497 -718 -568 -617 -89 -97
-868 -859 -273 -743 -978 -673 -422 953 -530 -399 -59 -575 -917 800 -565 -269 -777 -601 421 -647 709 252 283 -144 258 -262 897 -326 -745 848 -231 -622 -806 685 -713 -467 306 590 176 900 374 -368 982 925 -543 -384 355 -572 -591 809 61 -869 946 -547 497 74 -815 -265 -105 246 27 -929 561 -964 129 843 -935 849 118 637 -925 -830 -689 780 182 996 -177 114 388 -984 -907 457 428 -200 443 -890 994 446 321 100 -72 -548 -154 -951 -280 351 915 -104 -987 691
-691 -214 -716 -976 -514 655 -445 565 960 -277 606 428 385 241 -755 -42 -883 -306 -528 206 557 -897 -601 162 -481 -71 -178 420 265 138 -257 -946 741 -921 245 -218 -735 436 -103 708 -653 776 965 -467 170 91 376 -322 629 -79 -169 -314 -876 -993 -630 -460 -588 875 -547 706 223 323 -699 -844 -18 -348 -571 212 -820 422 -90 -952 -453 758 -450 -469 234 99 -271 -866 -290 -627 -972 -233 67 -109 -77 -990 -545 -743 967 -92 953 500 950 571 -170 -899 -955 -74
-599 -67 -481 338 -535 -349 -324 405 -687 -972 493 633 -186 -427 -546 -397 -852 31 -129 480 -654 713 -197 301 860 -321 -741 -916 491 972 -201 8 688 -754 280 186 -189 -216 590 564 -765 187 721 444 25 677 -906 -31 508 -430 320 -831 -603 -920 117 19 666 -925 975 -701 -121 -736 854 60 -681 771 -206 789 -394 -688 973 -340 -803 738 316 -184 -724 -725 -49 130 635 371 396 284 609 582 830 836 -574 -730 298 601 961 759 201 229 -486 259 73 606
199 -695 600 133 434 -989 373 -771 -370 472 -27 -291 -9 329 268 -957 -140 518 -8 857 -703 -747 -568 392 -849 -379 675 -635 -366 -517 -674 -725 -966 -768 -469 -896 -39 509 7 570 545 -117 -836 -17 206 -431 -339 -942 854 878 215 474 -139 24 -54 -774 -178 -604 -298 242 -897 291 -732 788 123 939 -669 559 604 -116 -28 40 -641 -383 165 -505 -254 733 786 841 -176 -432 -135 -129 143 200 -23 598 -455 -691 -767 -948 945 -448 332 -346 -326 -855 348 633
68 -661 -270 -415 -779 47 -621 -881 645 458 751 775 -618 655 954 982 909 858 752 998 -90 -95 -296 -34 41 -899 850 722 -362 -411 253 669 -585 -264 109 -321 -551 429 -451 368 490 -665 -742 -797 766 166 934 -983 216 -535 604 762 232 273 -190 873 73 -188 -452 901 635 958 -143 525 -863 720 404 -605 862 -753 995 933 39 -609 -314 136 754 -532 396 -589 663 452 -268 372 -958 630 -723 -287 814 291 -347 -308 -238 -731 -422 -178 -735 -622 153 -389
853 863 -999 -442 -639 908 179 635 -339 148 161 -948 -700 -413 630 851 439 -41 725 529 745 390 120 -632 -760 -937 -699 -976 170 516 -762 -660 753 419 -310 -870 884 -842 685 996 370 -434 492 -816 -704 772 -407 705 930 826 605 -507 960 414 867 -427 388 392 289 -956 -829 -481 548 362 -511 595 405 -594 455 -374 -765 121 -424 333 -692 -82 -484 -855 308 -938 -649 -87 248 -208 572 101 756 638 858 151 349 357 334 -794 -168 -530 -130 785 398 -935
-6 -34 -44 -778 -904 -927 -632 -260 -486 -768 -156 828 38 694 294 -724 -186 258 -988 -840 -742 -909 870 616 261 -261 -674 105 3 -620 303 -289 742 360 -698 203 -823 187 699 -958 646 110 -27 259 356 326 988 336 -906 -939 583 72 -158 413 -45 -234 777 -251 982 868 931 -980 451 172 -395 978 542 861 107 340 -134 602 -24 -453 -591 -685 -844 -356 -877 780 -782 -947 -542 -871 721 -635 499 -692 -687 560 -259 -555 -644 863 337 -308 50 -125 865 -144
-148 286 831 526 613 -677 -585 747 280 832 657 -30 147 501 -469 -410 906 -566 -37 -573 -365 -473 -829 932 -816 709 650 142 205 -714 234 -74 724 610 -193 76 -684 -31 553 -444 -995 621 -470 517 -325 285 185 -631 -977 439 -766 -26 319 898 -602 281 -846 853 -712 -783 -767 443 -520 -332 805 294 546 -851 -291 252 351 -788 -91 574 -812 -497 487 -217 -949 921 977 404 -205 -703 448 772 282 -278 3 -398 502 -289 341 -245 -280 146 -511 -163 -459 554
-279 -126 748 633 52 -33 -507 343 606 471 -387 -260 -684 -319 768 -891 427 538 20 -773 -431 -602 -115 -835 131 894 68 -37 -230 -501 -814 195 -826 690 -9 44 888 -996 220 241 -412 325 801 154 -855 369 561 225 518 -61 -589 -525 23 -470 345 -846 26 691 -6 -378 -744 -410 967 205 -503 -775 -364 -491 235 -535 853 884 528 -820 266 80 312 -172 -307 469 653 -817 -330 144 143 613 -293 127 -632 -17 -756 218 28 -44 237 -809 -705 708 -210 -591
369 -915 -954 -575 403 525 -214 -373 -97 -897 -999 177 -457 -16 -988 346 -303 426 -624 216 -456 -989 -771 -414 509 540 576 123 -971 -541 378 -966 92 896 -758 398 549 678 672 -607 -920 589 -168 -8 757 950 -41 460 -252 755 -218 157 434 773 -746 -591 -570 -262 -83 -498 775 -14 -838 -684 -549 586 663 181 819 654 -958 410 -526 323 -380 -951 -535 692 636 462 243 -564 -266 -235 412 923 532 -719 -613 -460 -268 899 641 99 845 126 -748 -306 512 -633
684 13 434 -9 82 589 -345 -161 554 -633 898 518 512 -618 573 -401 337 -753 370 -150 -385 -640 -669 659 681 -283 -665 416 465 -733 -45 -143 -969 245 -353 409 -722 349 -102 989 992 -46 647 394 323 318 -581 211 -714 -603 -333 -125 -513 286 -512 876 -94 258 74 20 972 -389 -490 -210 914 832 -449 -338 -884 -479 635 576 -31 276 169 414 918 257 -798 501 492 888 -865 365 571 -54 -833 -947 -994 -212 -742 -139 977 -224 691 562 -744 469 177 -98
-63 -788 -532 -977 -909 946 254 -332 -991 847 -29 -781 491 378 -890 -672 237 -272 -157 -704 -167 -488 264 799 -196 147 357 -325 365 -243 895 811 -305 82 851 -139 -974 687 677 -210 -133 394 196 -276 -260 -608 -464 -331 207 152 -699 -742 691 341 -194 -777 -542 -275 922 134 -212 -800 79 55 -126 962 -903 -284 423 590 -68 882 916 -207 821 -937 610 728 391 -493 235 -902 261 519 504 -429 -317 389 -109 881 974 -466 -506 748 433 246 284 -535 -714 701
826 -64 -817 375 58 -597 -898 -875 95 -153 914 3 627 790 -746 -411 794 -166 949 -488 -778 314 618 -653 -547 -247 369 788 907 -652 839 -320 -268 -408 26 -439 -11 965 -22 -698 524 958 209 -923 -386 742 911 -434 -800 -567 872 523 -523 -260 -675 -397 -512 326 604 -937 830 994 702 840 917 967 -531 -479 552 784 522 39 -627 771 913 475 -650 519 302 -491 -362 96 -918 905 545 -793 910 -788 -344 -200 94 903 -343 -887 343 266 -644 -556 -995 -311
403 462 436 618 -238 -273 -588 824 534 -695 469 -724 -20 395 -929 402 -128 293 -120 -296 -150 -662 594 713 221 -653 -535 -218 -713 -194 -587 922 234 -925 545 571 870 -595 -975 -507 -492 -65 703 -734 937 996 30 366 -658 -242 211 -223 -780 700 974 434 797 -651 -556 -165 -307 355 730 -424 625 14 -190 667 -564 -701 -719 -353 -215 -990 -346 -558 -841 -366 -953 120 263 -500 196 856 253 -753 -772 867 422 156 711 -676 -935 -982 -816 -950 -880 -944 242 -686
-523 80 15 583 -897 845 -76 -472 808 153 23 619 975 -514 -891 -826 429 578 -452 946 -334 -123 -506 -331 870 789 -962 537 457 -43 -549 -635 288 -259 637 786 171 95 -970 -839 -747 17 735 528 40 332 -880 -45 -11 -896 -180 -856 732 -381 699 -55 -145 -748 -799 -606 432 -469 -387 -174 938 -128 524 934 -53 -723 844 -416 363 -420 -737 -59 223 -195 689 -792 -908 284 -997 428 737 976 211 -413 103 45 569 260 -648 960 72 508 197 -316 215 -476
-184 -212 -305 678 -774 62 -70 -524 660 -760 -341 -592 -710 37 113 958 -746 188 -647 566 -724 -243 629 254 772 -241 -955 -974 -869 455 386 -504 -860 -865 302 -607 -926 -409 65 404 478 -98 63 -787 549 158 -119 -109 -272 545 932 -51 733 -444 -960 814 -969 -580 -63 -110 672 -508 347 -901 441 721 -699 -999 703 496 -435 929 432 511 -465 -186 805 -559 -733 -909 -502 976 -892 -136 337 -801 281 708 902 -474 -69 -571 -216 133 -85 271 -802 -931 446 934
920 -646 -804 -828 -45 -140 792 927 -383 -820 247 454 684 721 52 -350 -912 -15 181 -187 -332 419 414 -822 -308 -207 210 -23 951 261 -590 559 -490 82 -473 -290 883 -925 -809 102 -892 -233 -312 473 -307 -18 657 -603 161 -315 253 631 -299 254 626 141 -235 132 148 -411 -448 109 -429 -476 326 -228 110 978 -223 15 973 -730 292 361 558 -765 807 -814 774 -83 717 -292 175 242 -139 -293 -484 66 790 452 -560 -338 -999 -835 682 202 959 555 -301 -906
-815 237 469 54 -386 -406 -988 329 26 421 306 564 867 -937 -769 511 781 -522 -869 -518 408 -997 896 -67 525 -770 760 821 473 -63 717 167 -884 -721 575 942 387 -584 88 763 97 512 668 272 -639 665 807 619 -214 995 -280 -438 242 -599 -891 62 918 432 365 -340 -904 -224 336 490 113 -739 -632 214 -198 348 -836 686 -636 -907 325 141 -534 -623 255 -783 -716 639 -586 -122 491 -136 -51 778 727 509 -134 -796 143 449 784 722 861 610 989 -689
-674 -959 -745 -521 -522 781 -115 -908 -241 395 -187 445 872 972 432 516 881 -217 253 547 628 442 254 -899 -647 396 357 158 146 128 -315 -990 -866 852 -905 -178 -199 -100 738 -67 -775 -30 775 -549 830 807 -369 -802 -198 844 133 659 -275 -159 927 -906 -56 209 525 -805 980 -445 -147 -562 170 93 -789 755 106 -376 976 -15 -628 711 -670 -993 167 -685 -874 -317 522 236 355 640 -248 296 -105 -807 -250 -970 457 -260 -965 945 340 441 -467 -830 295 -599
-13 252 827 161 -885 -402 -63 -154 -446 -978 134 -886 -260 -786 74 -396 138 -301 371 340 -654 -800 384 -548 -864 -187 -901 -353 -934 -824 968 -352 127 -604 369 590 374 -503 -96 104 750 -593 -195 -658 269 -991 12 704 726 543 -416 398 643 -327 -424 73 457 800 236 -82 -521 -89 403 290 580 94 774 756 -881 559 -817 174 -319 381 -605 -317 479 -717 655 896 -95 -550 778 -953 922 -609 682 -216 -31 786 530 -113 365 -164 939 -836 -681 427 -718 -83
161 244 520 -843 89 846 419 -580 -721 752 270 20 -527 -870 -846 510 303 951 -656 -664 411 -471 434 -698 -864 -989 -252 -967 -24 111 -216 -479 -335 198 -272 733 -895 -965 -255 832 501 73 -340 577 496 920 -513 -690 -767 65 -838 552 441 397 -133 976 -43 899 -214 -451 657 844 -550 -992 852 -14 127 49 -934 134 110 257 765 304 418 -15 -770 84 902 814 -2 -675 -553 -727 -736 -991 -610 439 482 357 -368 479 130 -182 -418 585 -762 481 -901 698
459 472 -25 -463 727 204 -179 128 -180 -846 -126 -971 -155 17 -691 959 -841 63 314 529 -698 -166 333 31 -980 89 -478 716 -54 934 -964 -819 85 706 -374 511 579 652 761 -368 -651 -6 550 -162 -614 -419 -826 -154 -828 -922 -72 -371 -634 373 -681 -130 -184 882 -270 698 758 525 712 -197 653 -387 -31 256 -973 -165 449 -125 910 752 -695 -225 -504 780 -810 -715 594 928 -878 -783 -82 188 966 -730 261 845 -430 686 -468 -895 514 -533 -137 -36 520 479
-476 341 -648 -971 -411 263 442 -196 21 99 -352 -88 -244 651 592 -31 623 937 874 -596 532 -518 881 292 -549 340 -753 -789 -192 -961 33 -951 -996 -880 266 886 -116 -589 -294 989 557 -474 -667 -510 -784 902 -242 89 86 -501 -992 932 403 -776 187 564 -725 300 -826 -956 -320 51 -74 -454 287 24 494 -597 -508 -4 -525 250 375 -963 -900 159 577 -84 850 488 311 55 454 -820 -443 -731 833 -15 -538 -528 280 1 674 -235 -268 -34 -738 243 -944 -590
-994 844 -86 734 264 436 -622 368 265 478 -593 -746 -356 -965 -795 348 119 -328 -119 667 923 109 -891 243 -48 -221 -537 597 -205 24 -291 678 -943 -391 -682 -251 -20 239 -318 290 -448 417 858 635 438 -114 480 682 992 99 961 -936 737 241 -953 451 419 684 988 -654 729 -862 81 604 57 -488 -168 -311 -110 751 -546 817 643 -153 580 330 -810 -855 666 -295 -947 -208 302 328 137 -576 519 -250 102 -883 967 414 -612 114 724 -436 -361 282 -170 -698
-219 638 726 646 690 624 194 -282 -852 -688 402 927 489 900 578 65 352 -393 -798 850 63 -59 540 -995 81 -604 -264 720 -864 -213 231 -629 -27 -952 -883 -167 -559 729 -463 889 164 -776 -22 633 515 -304 -278 587 -696 324 666 -675 262 130 532 -194 -714 -569 -723 737 -715 -762 331 -318 623 -111 565 151 282 333 -284 -20 364 -322 527 45 168 468 396 403 258 -202 912 -273 584 630 626 -379 -328 20 695 545 678 650 -9 387 115 767 -131 31
-432 741 -752 758 718 -131 -87 299 746 -919 -467 405 -334 -986 478 -568 -546 413 908 557 -822 -477 903 856 -462 463 -552 565 -964 -572 -437 -33 -585 561 928 -414 -965 -499 -49 112 579 486 118 145 -863 530 722 346 -569 -461 375 18 183 906 614 -140 -756 -928 -279 537 -952 -883 831 898 677 -637 796 -386 -81 216 571 -97 338 994 998 -772 -70 895 -921 -694 -595 844 834 26 958 -216 157 693 864 392 -191 -668 -5 909 -760 914 -298 -802 154 -196
555 745 32 501 397 171 845 -425 -86 -282 -15 180 -94 -940 -258 -949 260 -309 970 -376 693 481 18 -197 580 -362 -56 901 -789 -314 867 -817 -172 -762 -324 194 -678 697 160 -10 607 -223 -878 -909 953 -381 -595 -52 505 -729 738 -126 967 569 -215 -189 215 -876 -396 278 35 -247 776 126 532 940 209 261 -696 -802 416 404 283 -587 -395 -681 105 550 487 -684 -915 -288 169 -471 -146 741 -980 305 -682 90 -672 981 -945 -522 623 763 713 104 31 -496
896 -233 -620 -457 814 885 167 -177 -376 879 674 -946 560 616 322 639 -146 350 -358 470 -262 134 -387 -257 -224 -771 734 -564 945 -702 678 -259 -812 68 7 -876 -12 574 572 -521 533 -559 -113 667 -290 -656 282 -928 -902 -492 544 515 -545 450 429 -38 217 -947 101 -866 -163 -572 715 -513 -116 -616 161 -484 28 529 173 -685 -785 568 -166 -594 -190 -418 151 85 -784 -987 516 331 604 -342 -193 -687 242 313 -560 -267 891 -473 46 -161 513 -757 -401 -8
-251 93 -199 -166 -708 754 443 921 -244 698 469 82 -439 -130 -70 -22 -702 948 350 219 296 584 169 -85 -977 840 372 -150 536 -331 361 782 -928 -711 453 -650 -992 421 -980 -490 703 622 542 -921 -781 -681 286 775 -68 -379 80 -203 -105 591 462 724 -365 787 -258 -15 476 419 -536 256 -956 128 574 881 920 -278 -338 -227 226 -934 -62 -642 244 -61 48 16 211 -355 94 287 781 507 19 -657 334 232 977 -469 928 237 -459 54 105 -122 808 976
-428 -334 289 -330 -47 931 530 -862 593 96 248 -40 934 -571 -174 967 88 902 907 760 -85 993 -187 -731 8 -182 -403 -472 -805 -15 -963 573 -144 -235 -268 -108 -442 -887 -635 -370 -911 858 -808 -980 -653 949 230 -966 -660 -336 -500 826 224 -326 551 -777 -871 269 158 -585 -149 -595 -624 -545 13 -509 -27 601 570 -395 -580 -402 347 -958 -773 898 -117 219 561 -795 185 742 -550 947 607 -489 -799 173 -536 -924 421 98 -333 -506 713 12 -218 -60 -922 -320
-717 -739 -643 42 584 -161 667 -13 -182 -180 -261 818 -160 432 -382 -979 -287 852 790 846 -788 865 95 322 -520 417 329 859 806 -318 -266 807 732 788 -772 533 -296 965 -128 -527 -368 -970 -472 -668 -26 301 -238 -637 -91 -253 139 -871 132 -992 -741 39 858 -934 -320 -101 -681 -447 -959 782 398 169 -283 881 56 -357 -157 895 -735 -130 -557 -28 -901 934 -446 798 945 700 629 -625 -874 942 -250 -697 -635 903 -848 -751 714 -820 279 168 860 -380 -73 -353
-705 307 -788 -92 -415 -477 -792 -207 943 569 -995 -780 -912 836 742 797 388 -771 -258 -703 -290 -586 825 377 -410 -841 -137 -665 -681 -259 -550 -781 -25 282 693 -713 -548 625 573 380 83 808 -845 -419 -251 -428 -239 498 -490 879 135 -314 793 615 174 -399 787 -950 602 474 -879 -565 500 -181 964 850 58 67 597 144 76 924 61 -168 -708 391 367 123 456 -165 566 -646 -503 -812 949 633 972 -541 -969 651 47 477 -242 -332 -581 -129 -978 396 -684 -573
-982 -309 473 -286 629 -414 -874 296 -6 -754 76 683 -79 -131 -947 989 -93 727 -939 887 -3 177 96 80 -675 203 -761 769 -665 -580 154 17 -191 -269 -559 -105 -249 979 -583 491 787 559 -888 138 348 -504 -416 -14 -47 208 -237 8 -359 622 -507 972 -856 589 -663 -341 -553 971 199 -281 -229 -841 -371 450 -954 -350 -178 -301 -567 -897 44 -19 234 45 -189 -231 617 358 231 -989 437 -236 -769 -92 -661 -117 517 -565 -471 -174 161 -656 -434 -449 583 -631
708 -850 -938 567 -51 -782 446 590 495 451 663 586 754 284 813 843 -677 -669 917 996 -132 103 435 -278 297 679 30 908 -811 -613 -891 -975 -492 35 -799 81 -173 -403 -362 557 315 -644 -929 954 -67 -942 -936 222 -912 -561 -705 413 -761 815 29 -731 154 806 640 330 548 639 959 863 -89 31 192 -994 992 0 -516 32 -231 -30 316 -83 -865 -87 -676 854 -472 -406 331 652 609 329 -867 903 -730 -129 450 255 -99 6 -617 660 -951 436 986 570
-87 -596 -510 320 -398 -48 212 -742 -668 184 -817 -576 -369 693 675 -236 -23 647 821 -391 209 -741 527 -367 -379 950 -691 -445 419 427 893 399 84 136 603 -787 568 -377 996 510 219 -782 -418 -19 38 -84 -831 455 -319 -420 471 253 -506 -925 -131 342 -554 456 -165 -713 -656 -987 -915 -954 634 278 267 -867 -602 -735 362 -433 641 154 572 714 -408 954 32 6 -458 -306 -912 -575 -257 -903 667 -702 656 137 -162 867 330 -977 -229 -225 -622 521 -155 307
284 740 432 411 -316 818 0 81 -91 -440 -183 272 -909 -633 -834 -93 -35 -31 195 -615 -717 204 -768 -414 69 -763 146 178 597 103 -524 -248 -814 391 -377 -631 375 835 -250 660 968 -20 712 -985 -42 643 817 -749 452 227 -151 416 -863 -951 875 627 606 -10 -68 -442 -109 954 942 22 249 338 -767 -222 570 402 12 -780 -46 -835 -659 91 967 763 -529 -839 -815 990 -525 390 183 346 563 -137 -775 113 700 -485 871 461 -233 733 -910 -194 -383 75
-592 -498 282 -844 -386 200 415 -274 512 134 337 -88 -883 -678 -792 -419 204 115 -454 597 -531 116 -99 487 915 83 756 -436 327 -516 -859 -382 -469 -312 561 155 725 216 770 362 640 174 645 266 -45 -688 440 430 874 181 -151 453 -352 406 664 -418 -341 259 -259 131 675 595 381 54 217 -924 -809 -682 -350 325 685 586 -506 305 369 -782 -176 418 -820 803 -65 804 -246 220 87 983 -28 828 844 397 772 958 766 -476 -947 602 -24 -946 448 425
115 632 665 -155 -914 323 721 680 -165 501 -989 836 -196 -754 -838 -789 -25 664 637 -590 117 -692 931 277 647 -987 940 841 -392 122 441 305 351 -977 334 -117 -256 -83 -170 -654 231 618 -966 -869 -594 964 -733 347 -854 14 -374 532 -85 275 -164 -454 967 30 750 97 843 -226 -270 473 -531 -129 302 -638 -429 -495 887 884 -814 -94 496 -106 -835 560 -904 -777 489 19 -485 -510 -960 -413 165 -555 900 344 146 869 -577 812 630 -953 650 -233 -328 698
-751 -85 576 237 -187 357 -351 -585 -344 881 -757 -721 -657 -535 434 752 908 870 579 548 353 -539 -46 -347 -648 -711 236 -725 728 -309 969 -205 -883 582 -29 600 -838 224 732 454 -74 187 -196 801 238 -413 578 -785 498 -307 -110 -400 -220 542 -966 390 223 448 -616 63 280 590 -384 -544 -154 256 -265 -180 564 938 453 591 -464 -41 397 131 720 891 -279 710 -954 -203 483 581 -127 687 534 126 -639 -686 -389 300 302 -885 192 -95 17 -401 813 338
-497 39 641 542 685 101 36 -728 -517 -361 -276 282 -106 668 -34 512 595 -217 692 -507 -581 94 -625 -642 -417 821 -471 -901 -823 -523 683 866 693 719 -110 407 -278 393 56 -284 -846 -952 -684 846 -62 -863 -117 -765 -923 -902 781 377 120 -414 938 -911 -818 -255 -549 -239 143 872 806 928 179 686 -984 599 -932 995 -102 789 -483 428 427 324 913 -306 482 -145 -353 878 288 -545 -674 -602 160 -80 -484 559 271 772 -965 749 7 -749 235 -866 -441 268
665 -683 445 -282 981 -802 -789 935 461 -608 320 800 -392 -479 609 108 -714 -107 674 -657 -875 61 -569 -898 -127 24 -461 -245 929 -21 186 579 -91 -700 57 755 448 926 283 -217 107 0 -727 -604 -462 -40 -7 975 588 -826 431 -74 737 910 -321 614 713 -272 403 560 556 -774 -828 -134 873 -563 663 736 209 74 875 637 -173 756 -419 600 814 915 -911 856 64 490 182 -505 495 -530 -881 613 798 -209 765 -67 -618 895 -877 650 -464 843 -167 816
-859 -1000 50 21 115 -723 549 -896 222 388 39 -300 -177 641 -315 -813 771 -545 918 519 -408 367 851 -889 -923 96 -800 239 214 430 -578 -125 -400 -558 -697 -983 -776 660 5 783 192 844 152 -839 -44 -281 -434 -164 -942 -500 216 747 -156 694 117 -546 326 -636 -139 -491 376 887 -641 883 697 -312 979 494 -130 -890 -291 -235 766 38 -92 -487 648 -445 -113 894 -98 -686 -480 847 814 -387 -815 -471 -642 830 647 251 -862 6 543 470 -860 398 -566 -73
-664 210 70 -779 866 -263 661 286 976 48 148 208 415 694 371 -542 -456 -20 573 -975 -897 438 954 -103 345 176 189 314 -26 -509 683 129 784 36 -51 383 707 377 -135 -999 -955 332 837 475 -662 987 56 -360 -155 -469 -491 99 -564 -580 -537 861 -757 -374 -623 482 -941 233 -919 -134 285 -176 834 188 195 632 295 -111 -43 -299 -736 -160 55 681 -274 -865 -107 -143 811 -144 899 340 374 120 288 473 201 361 636 757 19 -613 197 -982 -645 -682
-856 394 741 -936 -156 -665 -380 252 919 -1 -328 -282 595 -911 -477 -198 969 822 352 -733 -26 171 -700 331 831 243 202 -611 665 -790 -77 -258 -976 204 107 914 -427 336 347 -486 -232 -675 -948 737 524 -428 -819 -757 -982 -30 -429 -485 -975 278 -654 -726 818 -784 48 338 190 -917 -304 801 510 159 -292 642 853 803 907 -321 -620 586 825 999 -50 -274 -208 -661 860 987 298 -538 906 -754 -901 -771 -37 -478 238 -63 318 945 540 -885 -900 58 943 482
-337 -939 -131 994 588 -215 -420 -898 -387 -1 -49 206 639 -682 -259 -799 -349 -183 -988 819 -46 624 -24 910 -171 -869 789 -421 -64 896 235 -9 -378 -729 945 -180 -141 -665 -166 -894 -520 491 284 -837 728 -506 749 553 -100 -483 490 -530 187 581 457 178 -658 336 -611 13 416 529 -927 -56 254 -993 111 -524 82 -692 782 -852 -592 -436 -480 251 283 -372 331 -686 -759 -448 -375 374 503 927 885 236 245 84 -155 955 298 -161 127 871 448 711 731 936
542 62 -901 -349 143 -625 -53 340 -979 621 -408 -260 221 731 251 997 664 422 -694 446 601 -678 -913 814 382 438 774 -461 182 515 93 -256 753 -827 -877 -676 464 -148 -376 -314 132 -483 186 232 -600 142 -555 702 204 -547 -360 -752 -548 463 289 840 -227 -584 782 861 875 -590 -389 547 -302 -507 82 -802 710 -221 78 -835 -571 -378 -160 -656 -13 328 898 -723 784 -535 -443 332 990 -373 916 727 23 -645 443 -56 801 -127 -175 870 -532 -55 -307 436
506 -152 369 17 -196 -861 -862 -349 -572 -638 -16 754 718 -448 -664 866 640 -778 77 -189 534 -567 105 -823 904 527 256 -106 728 -808 225 -703 -347 -58 -68 -410 -181 -384 -974 613 881 60 706 745 63 472 -57 -70 -445 857 148 632 532 -967 -435 415 92 971 -663 -129 27 -56 56 284 807 774 -334 -576 187 612 -123 665 685 679 -343 912 -834 -385 855 -368 -829 517 75 621 -135 -140 699 -979 383 553 608 -391 195 396 617 347 -708 -496 504 955
-180 -132 302 -205 458 731 593 -448 987 942 -251 -907 385 -589 -318 -817 464 572 -710 428 647 605 529 726 297 221 -105 658 -359 -392 602 -273 177 -832 4 -638 170 644 169 960 -99 -103 -989 -793 481 -669 129 580 608 543 -171 -904 457 -159 363 -808 -264 456 194 386 -797 -162 -676 76 -137 -678 -41 586 -134 627 138 55 159 -409 -762 -932 157 -428 -384 -529 961 -630 724 -416 736 -727 -24 798 612 118 622 -212 595 -228 -54 -119 -73 695 637 -80
-995 -164 -405 135 -128 -518 758 -804 43 -126 -721 -577 792 -464 -693 -67 -600 -837 -59 -843 393 24 -788 595 884 -895 72 -856 78 -755 3 665 -761 -180 -792 -618 230 -114 963 515 178 -893 197 -758 261 -452 144 -954 -985 -861 94 624 891 -1000 -374 -719 731 -751 490 -627 382 909 533 -617 928 563 416 -508 -700 820 -917 182 -185 -594 607 -505 525 -688 12 -827 738 -976 -789 798 -168 -260 -134 480 267 806 468 652 45 537 263 -532 544 170 -966 737
